2021-09-06 04:18:52.506 17652-17652/dev.eastar.dev E/AndroidRuntime: FATAL EXCEPTION: main
    Process: dev.eastar.dev, PID: 17652
    java.lang.IllegalStateException: Cannot access database on the main thread since it may potentially lock the UI for a long period of time.
        at androidx.room.RoomDatabase.assertNotMainThread(RoomDatabase.java:385)
        at androidx.room.RoomDatabase.query(RoomDatabase.java:441)
        at androidx.room.RoomDatabase.query(RoomDatabase.java:429)
        at dev.eastar.data.provider.CheatDao_Impl.getItems(CheatDao_Impl.java:63)
        at dev.eastar.data.provider.CheatProvider.query(CheatProvider.kt:57)
        at android.content.ContentProvider.query(ContentProvider.java:1235)
        at android.content.ContentProvider.query(ContentProvider.java:1328)
        at android.content.ContentProvider$Transport.query(ContentProvider.java:267)
        at android.content.ContentResolver.query(ContentResolver.java:951)
        at android.content.ContentResolver.query(ContentResolver.java:887)
        at android.content.ContentResolver.query(ContentResolver.java:843)
        at dev.eastar.dev.ui.MainActivityViewModel.getCheats(MainActivityViewModel.kt:12)
        at dev.eastar.dev.ui.main.MainActivityAppKt$MainActivityApp$1.invoke(MainActivityApp.kt:24)
        at dev.eastar.dev.ui.main.MainActivityAppKt$MainActivityApp$1.invoke(MainActivityApp.kt:22)
        at androidx.compose.runtime.internal.ComposableLambdaImpl.invoke(ComposableLambda.jvm.kt:107)
        at androidx.compose.runtime.internal.ComposableLambdaImpl.invoke(ComposableLambda.jvm.kt:34)
        at androidx.compose.runtime.CompositionLocalKt.CompositionLocalProvider(CompositionLocal.kt:215)
        at androidx.compose.material.TextKt.ProvideTextStyle(Text.kt:252)
        at androidx.compose.material.MaterialThemeKt$MaterialTheme$1.invoke(MaterialTheme.kt:81)
        at androidx.compose.material.MaterialThemeKt$MaterialTheme$1.invoke(MaterialTheme.kt:80)
        at androidx.compose.runtime.internal.ComposableLambdaImpl.invoke(ComposableLambda.jvm.kt:107)
        at androidx.compose.runtime.internal.ComposableLambdaImpl.invoke(ComposableLambda.jvm.kt:34)
        at androidx.compose.runtime.CompositionLocalKt.CompositionLocalProvider(CompositionLocal.kt:215)
        at androidx.compose.material.MaterialThemeKt.MaterialTheme(MaterialTheme.kt:72)
        at dev.eastar.dev.ui.theme.ThemeKt.EastarDevTheme(Theme.kt:38)
        at dev.eastar.dev.ui.main.MainActivityAppKt.MainActivityApp(MainActivityApp.kt:22)
        at dev.eastar.dev.ui.ComposableSingletons$MainActivityKt$lambda-1$1.invoke(MainActivity.kt:14)
        at dev.eastar.dev.ui.ComposableSingletons$MainActivityKt$lambda-1$1.invoke(MainActivity.kt:14)
        at androidx.compose.runtime.internal.ComposableLambdaImpl.invoke(ComposableLambda.jvm.kt:107)
        at androidx.compose.runtime.internal.ComposableLambdaImpl.invoke(ComposableLambda.jvm.kt:34)
        at androidx.compose.ui.platform.ComposeView.Content(ComposeView.android.kt:384)
        at androidx.compose.ui.platform.AbstractComposeView$ensureCompositionCreated$1.invoke(ComposeView.android.kt:228)
        at androidx.compose.ui.platform.AbstractComposeView$ensureCompositionCreated$1.invoke(ComposeView.android.kt:227)
        at androidx.compose.runtime.internal.ComposableLambdaImpl.invoke(ComposableLambda.jvm.kt:107)
        at androidx.compose.runtime.internal.ComposableLambdaImpl.invoke(ComposableLambda.jvm.kt:34)
        at androidx.compose.runtime.CompositionLocalKt.CompositionLocalProvider(CompositionLocal.kt:215)
        at androidx.compose.ui.platform.CompositionLocalsKt.ProvideCommonCompositionLocals(CompositionLocals.kt:148)
        at androidx.compose.ui.platform.AndroidCompositionLocals_androidKt$ProvideAndroidCompositionLocals$3.invoke(AndroidCompositionLocals.android.kt:114)
        at androidx.compose.ui.platform.AndroidCompositionLocals_androidKt$ProvideAndroidCompositionLocals$3.invoke(AndroidCompositionLocals.android.kt:113)
        at androidx.compose.runtime.internal.ComposableLambdaImpl.invoke(ComposableLambda.jvm.kt:107)
        at androidx.compose.runtime.internal.ComposableLambdaImpl.invoke(ComposableLambda.jvm.kt:34)
        at androidx.compose.runtime.CompositionLocalKt.CompositionLocalProvider(CompositionLocal.kt:215)
2021-09-06 04:18:52.508 17652-17652/dev.eastar.dev E/AndroidRuntime:     at androidx.compose.ui.platform.AndroidCompositionLocals_androidKt.ProvideAndroidCompositionLocals(AndroidCompositionLocals.android.kt:106)
        at androidx.compose.ui.platform.WrappedComposition$setContent$1$1$3.invoke(Wrapper.android.kt:162)
        at androidx.compose.ui.platform.WrappedComposition$setContent$1$1$3.invoke(Wrapper.android.kt:161)
        at androidx.compose.runtime.internal.ComposableLambdaImpl.invoke(ComposableLambda.jvm.kt:107)
        at androidx.compose.runtime.internal.ComposableLambdaImpl.invoke(ComposableLambda.jvm.kt:34)
        at androidx.compose.runtime.CompositionLocalKt.CompositionLocalProvider(CompositionLocal.kt:215)
        at androidx.compose.ui.platform.WrappedComposition$setContent$1$1.invoke(Wrapper.android.kt:161)
        at androidx.compose.ui.platform.WrappedComposition$setContent$1$1.invoke(Wrapper.android.kt:144)
        at androidx.compose.runtime.internal.ComposableLambdaImpl.invoke(ComposableLambda.jvm.kt:107)
        at androidx.compose.runtime.internal.ComposableLambdaImpl.invoke(ComposableLambda.jvm.kt:34)
        at androidx.compose.runtime.ComposerKt.invokeComposable(Composer.kt:3330)
        at androidx.compose.runtime.ComposerImpl$doCompose$2$5.invoke(Composer.kt:2577)
        at androidx.compose.runtime.ComposerImpl$doCompose$2$5.invoke(Composer.kt:2573)
        at androidx.compose.runtime.SnapshotStateKt.observeDerivedStateRecalculations(SnapshotState.kt:540)
        at androidx.compose.runtime.ComposerImpl.doCompose(Composer.kt:2566)
        at androidx.compose.runtime.ComposerImpl.composeContent$runtime_release(Composer.kt:2517)
        at androidx.compose.runtime.CompositionImpl.composeContent(Composition.kt:476)
        at androidx.compose.runtime.Recomposer.composeInitial$runtime_release(Recomposer.kt:727)
        at androidx.compose.runtime.CompositionImpl.setContent(Composition.kt:432)
        at androidx.compose.ui.platform.WrappedComposition$setContent$1.invoke(Wrapper.android.kt:144)
        at androidx.compose.ui.platform.WrappedComposition$setContent$1.invoke(Wrapper.android.kt:135)
        at androidx.compose.ui.platform.AndroidComposeView.setOnViewTreeOwnersAvailable(AndroidComposeView.android.kt:727)
        at androidx.compose.ui.platform.WrappedComposition.setContent(Wrapper.android.kt:135)
        at androidx.compose.ui.platform.WrappedComposition.onStateChanged(Wrapper.android.kt:187)
        at androidx.lifecycle.LifecycleRegistry$ObserverWithState.dispatchEvent(LifecycleRegistry.java:354)
        at androidx.lifecycle.LifecycleRegistry.addObserver(LifecycleRegistry.java:196)
        at androidx.compose.ui.platform.WrappedComposition$setContent$1.invoke(Wrapper.android.kt:142)
        at androidx.compose.ui.platform.WrappedComposition$setContent$1.invoke(Wrapper.android.kt:135)
        at androidx.compose.ui.platform.AndroidComposeView.onAttachedToWindow(AndroidComposeView.android.kt:814)
        at android.view.View.dispatchAttachedToWindow(View.java:21304)
        at android.view.ViewGroup.dispatchAttachedToWindow(ViewGroup.java:4239)
        at android.view.ViewGroup.dispatchAttachedToWindow(ViewGroup.java:4246)
        at android.view.ViewGroup.dispatchAttachedToWindow(ViewGroup.java:4246)
        at android.view.ViewGroup.dispatchAttachedToWindow(ViewGroup.java:4246)
        at android.view.ViewGroup.dispatchAttachedToWindow(ViewGroup.java:4246)
        at android.view.ViewRootImpl.performTraversals(ViewRootImpl.java:2568)
        at android.view.ViewRootImpl.doTraversal(ViewRootImpl.java:2222)
        at android.view.ViewRootImpl$TraversalRunnable.run(ViewRootImpl.java:9123)
        at android.view.Choreographer$CallbackRecord.run(Choreographer.java:999)
        at android.view.Choreographer.doCallbacks(Choreographer.java:797)
        at android.view.Choreographer.doFrame(Choreographer.java:732)
        at android.view.Choreographer$FrameDisplayEventReceiver.run(Choreographer.java:984)
        at android.os.Handler.handleCallback(Handler.java:883)
        at android.os.Handler.dispatchMessage(Handler.java:100)
        at android.os.Looper.loop(Looper.java:237)
        at android.app.ActivityThread.main(ActivityThread.java:8167)
        at java.lang.reflect.Method.invoke(Native Method)
        at com.android.internal.os.RuntimeInit$MethodAndArgsCaller.run(RuntimeInit.java:496)
2021-09-06 04:18:52.508 17652-17652/dev.eastar.dev E/AndroidRuntime:     at com.android.internal.os.ZygoteInit.main(ZygoteInit.java:1100)